<?xml version="1.0" encoding="UTF-8"?>
<testsuites name="jest tests" tests="1" failures="0" errors="0" time="1.102">
    <testsuite name="src/App.test.js" errors="0" failures="0" skipped="0" timestamp="2023-11-04T14:18:13" time="0.632">
        <testcase classname="renders Home component" name="renders Home component" time="0.027">
        </testcase>
        <testcase classname="renders About component" name="renders About component" time="0.025">
        </testcase>
        <testcase classname="renders Projects component" name="renders Projects component" time="0.030">
        </testcase>
        <testcase classname="renders Skills component" name="renders Skills component" time="0.020">
        </testcase>
        <testcase classname="renders Contact component" name="renders Contact component" time="0.022">
        </testcase>
        <testcase classname="renders Qualifications component" name="renders Qualifications component" time="0.026">
        </testcase>
    </testsuite>
</testsuites>
